{"name": "test_login[18339052997-22222-None-登陆密码错误]", "status": "broken", "statusDetails": {"message": "selenium.common.exceptions.TimeoutException: Message:", "trace": "self = <test_login.TestLogin object at 0x0000024B0D34E348>, username = '18339052997', pwd = '22222', expect_resoult = None, expect_toast = '登陆密码错误'\n\n    @pytest.mark.parametrize(\"username, pwd, expect_resoult, expect_toast\", get_data())\n    # @pytest.mark.parametrize(\"username, pwd, expect_resoult\", get_data())\n    def test_login(self, username, pwd, expect_resoult, expect_toast):\n        if expect_resoult:\n            try:\n                self.login.page_input_username(username)\n                self.login.page_input_password(pwd)\n                self.login.page_click_login_btn()\n    \n                assert expect_resoult in self.login.page_get_self_name()\n                self.login.page_click_setting()\n                self.login.page_drag_and_drop()\n                self.login.page_click_loginout()\n                self.login.page_click_loginout_ok()\n                self.login.page_click_me()\n                self.login.page_click_go_login()\n            except:\n                self.login.base_get_iamge()\n                raise\n        else:\n            try:\n                self.login.page_input_username(username)\n                self.login.page_input_password(pwd)\n                self.login.page_click_login_btn()\n>               assert expect_toast in self.login.base_get_toast(expect_toast)\n\nScripts\\test_login.py:70: \n_ _ _ _ _ _ _ _ _ _ _ _ _ _ _ _ _ _ _ _ _ _ _ _ _ _ _ _ _ _ _ _ _ _ _ _ _ _ _ _ _ _ _ _ _ _ _ _ _ _ _ _ _ _ _ _ _ _ _ _ _ _ _ _ _ _ _ _ _ _ _ _ _ _ _ _ _ _ _ _ _ _ _ _ _ _ _ _ _ _ _ _ _ \nBase\\base.py:24: in base_get_toast\n    return self.base_find_ele(loc, poll=0.1).text\nBase\\base.py:11: in base_find_ele\n    return WebDriverWait(self.driver, timeout=timeout, poll_frequency=poll).until(lambda x: x.find_element(*loc))\n_ _ _ _ _ _ _ _ _ _ _ _ _ _ _ _ _ _ _ _ _ _ _ _ _ _ _ _ _ _ _ _ _ _ _ _ _ _ _ _ _ _ _ _ _ _ _ _ _ _ _ _ _ _ _ _ _ _ _ _ _ _ _ _ _ _ _ _ _ _ _ _ _ _ _ _ _ _ _ _ _ _ _ _ _ _ _ _ _ _ _ _ _ \n\nself = <selenium.webdriver.support.wait.WebDriverWait (session=\"bc31d4e2-905c-4d24-9213-a734021e799f\")>, method = <function Base.base_find_ele.<locals>.<lambda> at 0x0000024B0D36AD38>\nmessage = ''\n\n    def until(self, method, message=''):\n        \"\"\"Calls the method provided with the driver as an argument until the \\\n        return value is not False.\"\"\"\n        screen = None\n        stacktrace = None\n    \n        end_time = time.time() + self._timeout\n        while True:\n            try:\n                value = method(self._driver)\n                if value:\n                    return value\n            except self._ignored_exceptions as exc:\n                screen = getattr(exc, 'screen', None)\n                stacktrace = getattr(exc, 'stacktrace', None)\n            time.sleep(self._poll)\n            if time.time() > end_time:\n                break\n>       raise TimeoutException(message, screen, stacktrace)\nE       selenium.common.exceptions.TimeoutException: Message:\n\nd:\\python\\python37\\lib\\site-packages\\selenium\\webdriver\\support\\wait.py:80: TimeoutException"}, "parameters": [{"name": "username", "value": "'18339052997'"}, {"name": "pwd", "value": "'22222'"}, {"name": "expect_resoult", "value": "None"}, {"name": "expect_toast", "value": "'登陆密码错误'"}], "start": 1582940418942, "stop": 1582940456373, "uuid": "e75c5aa5-586d-4cd6-89fc-ce772674f3d9", "historyId": "9a7b40b5ad1dab55cd272232b97b95ee", "testCaseId": "ee9a2f637e60d33c2e1f70cb6dbdc6e8", "fullName": "Scripts.test_login.TestLogin#test_login", "labels": [{"name": "parentSuite", "value": "Scripts"}, {"name": "suite", "value": "test_login"}, {"name": "subSuite", "value": "TestLogin"}, {"name": "host", "value": "DESKTOP-LSEEA95"}, {"name": "thread", "value": "129944-MainThread"}, {"name": "framework", "value": "pytest"}, {"name": "language", "value": "cpython3"}, {"name": "package", "value": "Scripts.test_login"}]}