{"name": "test_login[ 18339052997 -22222]", "status": "broken", "statusDetails": {"message": "selenium.common.exceptions.TimeoutException: Message:", "trace": "self = <test_login.TestLogin object at 0x00000215FC1DEA08>, username = ' 18339052997 ', pwd = '22222'\n\n    @pytest.mark.parametrize(\"username, pwd\", [(\"18339052997\", \"Zz0103\"), (\" 18339052997 \", \"22222\")])\n    def test_login(self, username, pwd):\n        # self.login.page_click_skip()\n>       self.login.page_click_me()\n\nScripts\\test_login.py:47: \n_ _ _ _ _ _ _ _ _ _ _ _ _ _ _ _ _ _ _ _ _ _ _ _ _ _ _ _ _ _ _ _ _ _ _ _ _ _ _ _ _ _ _ _ _ _ _ _ _ _ _ _ _ _ _ _ _ _ _ _ _ _ _ _ _ _ _ _ _ _ _ _ _ _ _ _ _ _ _ _ _ _ _ _ _ _ _ _ _ _ _ _ _ \nPage\\page_login.py:11: in page_click_me\n    self.base_click(Page.login_click_me)\nBase\\base.py:14: in base_click\n    self.base_find_ele(loc).click()\nBase\\base.py:11: in base_find_ele\n    return WebDriverWait(self.driver, timeout=timeout, poll_frequency=poll).until(lambda x: x.find_element(*loc))\n_ _ _ _ _ _ _ _ _ _ _ _ _ _ _ _ _ _ _ _ _ _ _ _ _ _ _ _ _ _ _ _ _ _ _ _ _ _ _ _ _ _ _ _ _ _ _ _ _ _ _ _ _ _ _ _ _ _ _ _ _ _ _ _ _ _ _ _ _ _ _ _ _ _ _ _ _ _ _ _ _ _ _ _ _ _ _ _ _ _ _ _ _ \n\nself = <selenium.webdriver.support.wait.WebDriverWait (session=\"44f8ab67-9841-4dc4-b065-be0d410a146f\")>, method = <function Base.base_find_ele.<locals>.<lambda> at 0x00000215FC249708>\nmessage = ''\n\n    def until(self, method, message=''):\n        \"\"\"Calls the method provided with the driver as an argument until the \\\n        return value is not False.\"\"\"\n        screen = None\n        stacktrace = None\n    \n        end_time = time.time() + self._timeout\n        while True:\n            try:\n                value = method(self._driver)\n                if value:\n                    return value\n            except self._ignored_exceptions as exc:\n                screen = getattr(exc, 'screen', None)\n                stacktrace = getattr(exc, 'stacktrace', None)\n            time.sleep(self._poll)\n            if time.time() > end_time:\n                break\n>       raise TimeoutException(message, screen, stacktrace)\nE       selenium.common.exceptions.TimeoutException: Message:\n\nd:\\python\\python37\\lib\\site-packages\\selenium\\webdriver\\support\\wait.py:80: TimeoutException"}, "parameters": [{"name": "username", "value": "' 18339052997 '"}, {"name": "pwd", "value": "'22222'"}], "start": 1582808560932, "stop": 1582808591094, "uuid": "d04c7a72-cd3a-427b-9a8f-56e0f3cede80", "historyId": "799a934ebed97a6f4e80bb39619d39b1", "testCaseId": "ee9a2f637e60d33c2e1f70cb6dbdc6e8", "fullName": "Scripts.test_login.TestLogin#test_login", "labels": [{"name": "parentSuite", "value": "Scripts"}, {"name": "suite", "value": "test_login"}, {"name": "subSuite", "value": "TestLogin"}, {"name": "host", "value": "DESKTOP-LSEEA95"}, {"name": "thread", "value": "117668-MainThread"}, {"name": "framework", "value": "pytest"}, {"name": "language", "value": "cpython3"}, {"name": "package", "value": "Scripts.test_login"}]}